# JRE version: Java(TM) SE Runtime Environment (8.0_05-b13) (build 1.8.0_05-b13)
# Java VM: Java HotSpot(TM) 64-Bit Server VM (25.5-b02 mixed mode windows-amd64 compressed oops)
Heap:
 PSYoungGen      total 5632K, used 3433K [0x00000000eb380000, 0x00000000ebe80000, 0x0000000100000000)
  eden space 4096K, 59% used [0x00000000eb380000,0x00000000eb5ddc48,0x00000000eb780000)
  from space 1536K, 65% used [0x00000000eb780000,0x00000000eb87cb48,0x00000000eb900000)
  to   space 1536K, 0% used [0x00000000ebd00000,0x00000000ebd00000,0x00000000ebe80000)
 ParOldGen       total 64000K, used 4798K [0x00000000c1a00000, 0x00000000c5880000, 0x00000000eb380000)
  object space 64000K, 7% used [0x00000000c1a00000,0x00000000c1eaf858,0x00000000c5880000)
 Metaspace       used 13125K, capacity 13370K, committed 13568K, reserved 1060864K
  class space    used 1706K, capacity 1765K, committed 1792K, reserved 1048576K
GC Heap History (10 events):
Event: 0.162 GC heap before
{Heap before GC invocations=3 (full 0):
 PSYoungGen      total 1536K, used 1528K [0x00000000eb380000, 0x00000000eb580000, 0x0000000100000000)
  eden space 1024K, 100% used [0x00000000eb380000,0x00000000eb480000,0x00000000eb480000)
  from space 512K, 98% used [0x00000000eb500000,0x00000000eb57e030,0x00000000eb580000)
  to   space 512K, 0% used [0x00000000eb480000,0x00000000eb480000,0x00000000eb500000)
 ParOldGen       total 64000K, used 264K [0x00000000c1a00000, 0x00000000c5880000, 0x00000000eb380000)
  object space 64000K, 0% used [0x00000000c1a00000,0x00000000c1a42000,0x00000000c5880000)
 Metaspace       used 5306K, capacity 5452K, committed 5632K, reserved 1056768K
  class space    used 605K, capacity 655K, committed 768K, reserved 1048576K
Event: 0.163 GC heap after
Heap after GC invocations=3 (full 0):
 PSYoungGen      total 1536K, used 488K [0x00000000eb380000, 0x00000000eb680000, 0x0000000100000000)
  eden space 1024K, 0% used [0x00000000eb380000,0x00000000eb380000,0x00000000eb480000)
  from space 512K, 95% used [0x00000000eb480000,0x00000000eb4fa020,0x00000000eb500000)
  to   space 512K, 0% used [0x00000000eb600000,0x00000000eb600000,0x00000000eb680000)
 ParOldGen       total 64000K, used 544K [0x00000000c1a00000, 0x00000000c5880000, 0x00000000eb380000)
  object space 64000K, 0% used [0x00000000c1a00000,0x00000000c1a88000,0x00000000c5880000)
 Metaspace       used 5306K, capacity 5452K, committed 5632K, reserved 1056768K
  class space    used 605K, capacity 655K, committed 768K, reserved 1048576K
}
Event: 0.270 GC heap before
{Heap before GC invocations=4 (full 0):
 PSYoungGen      total 1536K, used 1512K [0x00000000eb380000, 0x00000000eb680000, 0x0000000100000000)
  eden space 1024K, 100% used [0x00000000eb380000,0x00000000eb480000,0x00000000eb480000)
  from space 512K, 95% used [0x00000000eb480000,0x00000000eb4fa020,0x00000000eb500000)
  to   space 512K, 0% used [0x00000000eb600000,0x00000000eb600000,0x00000000eb680000)
 ParOldGen       total 64000K, used 544K [0x00000000c1a00000, 0x00000000c5880000, 0x00000000eb380000)
  object space 64000K, 0% used [0x00000000c1a00000,0x00000000c1a88000,0x00000000c5880000)
 Metaspace       used 7709K, capacity 7874K, committed 7936K, reserved 1056768K
  class space    used 925K, capacity 987K, committed 1024K, reserved 1048576K
Event: 0.271 GC heap after
Heap after GC invocations=4 (full 0):
 PSYoungGen      total 2560K, used 504K [0x00000000eb380000, 0x00000000eb680000, 0x0000000100000000)
  eden space 2048K, 0% used [0x00000000eb380000,0x00000000eb380000,0x00000000eb580000)
  from space 512K, 98% used [0x00000000eb600000,0x00000000eb67e010,0x00000000eb680000)
  to   space 512K, 0% used [0x00000000eb580000,0x00000000eb580000,0x00000000eb600000)
 ParOldGen       total 64000K, used 1072K [0x00000000c1a00000, 0x00000000c5880000, 0x00000000eb380000)
  object space 64000K, 1% used [0x00000000c1a00000,0x00000000c1b0c050,0x00000000c5880000)
 Metaspace       used 7709K, capacity 7874K, committed 7936K, reserved 1056768K
  class space    used 925K, capacity 987K, committed 1024K, reserved 1048576K
}
Event: 4.225 GC heap before
{Heap before GC invocations=5 (full 0):
 PSYoungGen      total 2560K, used 2552K [0x00000000eb380000, 0x00000000eb680000, 0x0000000100000000)
  eden space 2048K, 100% used [0x00000000eb380000,0x00000000eb580000,0x00000000eb580000)
  from space 512K, 98% used [0x00000000eb600000,0x00000000eb67e010,0x00000000eb680000)
  to   space 512K, 0% used [0x00000000eb580000,0x00000000eb580000,0x00000000eb600000)
 ParOldGen       total 64000K, used 3871K [0x00000000c1a00000, 0x00000000c5880000, 0x00000000eb380000)
  object space 64000K, 6% used [0x00000000c1a00000,0x00000000c1dc7ea0,0x00000000c5880000)
 Metaspace       used 11558K, capacity 11700K, committed 11904K, reserved 1058816K
  class space    used 1535K, capacity 1598K, committed 1664K, reserved 1048576K
Event: 4.227 GC heap after
Heap after GC invocations=5 (full 0):
 PSYoungGen      total 2560K, used 504K [0x00000000eb380000, 0x00000000eba80000, 0x0000000100000000)
  eden space 2048K, 0% used [0x00000000eb380000,0x00000000eb380000,0x00000000eb580000)
  from space 512K, 98% used [0x00000000eb580000,0x00000000eb5fe010,0x00000000eb600000)
  to   space 1536K, 0% used [0x00000000eb900000,0x00000000eb900000,0x00000000eba80000)
 ParOldGen       total 64000K, used 4506K [0x00000000c1a00000, 0x00000000c5880000, 0x00000000eb380000)
  object space 64000K, 7% used [0x00000000c1a00000,0x00000000c1e66bc0,0x00000000c5880000)
 Metaspace       used 11558K, capacity 11700K, committed 11904K, reserved 1058816K
  class space    used 1535K, capacity 1598K, committed 1664K, reserved 1048576K
}
Event: 8.904 GC heap before
{Heap before GC invocations=6 (full 0):
 PSYoungGen      total 2560K, used 2552K [0x00000000eb380000, 0x00000000eba80000, 0x0000000100000000)
  eden space 2048K, 100% used [0x00000000eb380000,0x00000000eb580000,0x00000000eb580000)
  from space 512K, 98% used [0x00000000eb580000,0x00000000eb5fe010,0x00000000eb600000)
  to   space 1536K, 0% used [0x00000000eb900000,0x00000000eb900000,0x00000000eba80000)
 ParOldGen       total 64000K, used 4506K [0x00000000c1a00000, 0x00000000c5880000, 0x00000000eb380000)
  object space 64000K, 7% used [0x00000000c1a00000,0x00000000c1e66bc0,0x00000000c5880000)
 Metaspace       used 12626K, capacity 12756K, committed 13056K, reserved 1060864K
  class space    used 1651K, capacity 1694K, committed 1792K, reserved 1048576K
Event: 8.907 GC heap after
Heap after GC invocations=6 (full 0):
 PSYoungGen      total 5632K, used 1083K [0x00000000eb380000, 0x00000000eba80000, 0x0000000100000000)
  eden space 4096K, 0% used [0x00000000eb380000,0x00000000eb380000,0x00000000eb780000)
  from space 1536K, 70% used [0x00000000eb900000,0x00000000eba0ed68,0x00000000eba80000)
  to   space 1536K, 0% used [0x00000000eb780000,0x00000000eb780000,0x00000000eb900000)
 ParOldGen       total 64000K, used 4526K [0x00000000c1a00000, 0x00000000c5880000, 0x00000000eb380000)
  object space 64000K, 7% used [0x00000000c1a00000,0x00000000c1e6b810,0x00000000c5880000)
 Metaspace       used 12626K, capacity 12756K, committed 13056K, reserved 1060864K
  class space    used 1651K, capacity 1694K, committed 1792K, reserved 1048576K
}
Event: 12.990 GC heap before
{Heap before GC invocations=7 (full 0):
 PSYoungGen      total 5632K, used 5179K [0x00000000eb380000, 0x00000000eba80000, 0x0000000100000000)
  eden space 4096K, 100% used [0x00000000eb380000,0x00000000eb780000,0x00000000eb780000)
  from space 1536K, 70% used [0x00000000eb900000,0x00000000eba0ed68,0x00000000eba80000)
  to   space 1536K, 0% used [0x00000000eb780000,0x00000000eb780000,0x00000000eb900000)
 ParOldGen       total 64000K, used 4526K [0x00000000c1a00000, 0x00000000c5880000, 0x00000000eb380000)
  object space 64000K, 7% used [0x00000000c1a00000,0x00000000c1e6b838,0x00000000c5880000)
 Metaspace       used 12933K, capacity 13076K, committed 13312K, reserved 1060864K
  class space    used 1696K, capacity 1758K, committed 1792K, reserved 1048576K
Event: 12.992 GC heap after
Heap after GC invocations=7 (full 0):
 PSYoungGen      total 5632K, used 1010K [0x00000000eb380000, 0x00000000ebe80000, 0x0000000100000000)
  eden space 4096K, 0% used [0x00000000eb380000,0x00000000eb380000,0x00000000eb780000)
  from space 1536K, 65% used [0x00000000eb780000,0x00000000eb87cb48,0x00000000eb900000)
  to   space 1536K, 0% used [0x00000000ebd00000,0x00000000ebd00000,0x00000000ebe80000)
 ParOldGen       total 64000K, used 4798K [0x00000000c1a00000, 0x00000000c5880000, 0x00000000eb380000)
  object space 64000K, 7% used [0x00000000c1a00000,0x00000000c1eaf858,0x00000000c5880000)
 Metaspace       used 12933K, capacity 13076K, committed 13312K, reserved 1060864K
  class space    used 1696K, capacity 1758K, committed 1792K, reserved 1048576K
}

